data: {"type": "start", "thread_id": "585e8b89-0703-43b9-97a0-d969dfa444a0", "mode": "auto"}

data: {"type": "content", "content": "我来"}

data: {"type": "content", "content": "帮"}

data: {"type": "content", "content": "您"}

data: {"type": "content", "content": "了解"}

data: {"type": "content", "content": "博"}

data: {"type": "content", "content": "罗"}

data: {"type": "content", "content": "县的"}

data: {"type": "content", "content": "农业"}

data: {"type": "content", "content": "资源"}

data: {"type": "content", "content": "情况"}

data: {"type": "content", "content": "。"}

data: {"type": "content", "content": "让我"}

data: {"type": "content", "content": "先"}

data: {"type": "content", "content": "查看"}

data: {"type": "content", "content": "可"}

data: {"type": "content", "content": "用的"}

data: {"type": "content", "content": "文档"}

data: {"type": "content", "content": "资源"}

data: {"type": "content", "content": "，"}

data: {"type": "content", "content": "然后"}

data: {"type": "content", "content": "深入"}

data: {"type": "content", "content": "分析"}

data: {"type": "content", "content": "相关信息"}

data: {"type": "content", "content": "。"}

data: {"type": "tool", "tool_name": "list_available_documents", "status": "started"}

data: {"type": "tool", "tool_name": "list_available_documents", "status": "completed"}

data: {"type": "content", "content": "现在"}

data: {"type": "content", "content": "让我"}

data: {"type": "content", "content": "获取"}

data: {"type": "content", "content": "罗"}

data: {"type": "content", "content": "浮"}

data: {"type": "content", "content": "-"}

data: {"type": "content", "content": "长"}

data: {"type": "content", "content": "宁"}

data: {"type": "content", "content": "山镇"}

data: {"type": "content", "content": "融合"}

data: {"type": "content", "content": "发展战略"}

data: {"type": "content", "content": "文档"}

data: {"type": "content", "content": "的执行"}

data: {"type": "content", "content": "摘要"}

data: {"type": "content", "content": "，"}

data: {"type": "content", "content": "了解"}

data: {"type": "content", "content": "整体"}

data: {"type": "content", "content": "情况"}

data: {"type": "content", "content": "："}

data: {"type": "tool", "tool_name": "get_executive_summary", "status": "started"}

data: {"type": "tool", "tool_name": "get_executive_summary", "status": "completed"}

data: {"type": "content", "content": "让我"}

data: {"type": "content", "content": "查看"}

data: {"type": "content", "content": "文档"}

data: {"type": "content", "content": "的"}

data: {"type": "content", "content": "章节"}

data: {"type": "content", "content": "结构"}

data: {"type": "content", "content": "，"}

data: {"type": "content", "content": "了解"}

data: {"type": "content", "content": "其中"}

data: {"type": "content", "content": "关于"}

data: {"type": "content", "content": "农业"}

data: {"type": "content", "content": "资源"}

data: {"type": "content", "content": "的内容"}

data: {"type": "content", "content": "："}

data: {"type": "tool", "tool_name": "list_chapter_summaries", "status": "started"}

data: {"type": "tool", "tool_name": "list_chapter_summaries", "status": "completed"}

data: {"type": "content", "content": "让我"}

data: {"type": "content", "content": "直接"}

data: {"type": "content", "content": "搜索"}

data: {"type": "content", "content": "农业"}

data: {"type": "content", "content": "相关的"}

data: {"type": "content", "content": "关键"}

data: {"type": "content", "content": "要点"}

data: {"type": "content", "content": "："}

data: {"type": "tool", "tool_name": "search_key_points", "status": "started"}

data: {"type": "tool", "tool_name": "search_key_points", "status": "completed"}

data: {"type": "content", "content": "让我"}

data: {"type": "content", "content": "使用"}

data: {"type": "content", "content": "乡村"}

data: {"type": "content", "content": "规划"}

data: {"type": "content", "content": "知识"}

data: {"type": "content", "content": "库"}

data: {"type": "content", "content": "来"}

data: {"type": "content", "content": "检索"}

data: {"type": "content", "content": "博"}

data: {"type": "content", "content": "罗"}

data: {"type": "content", "content": "县的"}

data: {"type": "content", "content": "农业"}

data: {"type": "content", "content": "资源"}

data: {"type": "content", "content": "信息"}

data: {"type": "content", "content": "："}

data: {"type": "tool", "tool_name": "search_rural_planning_knowledge", "status": "started"}

data: {"type": "tool", "tool_name": "search_rural_planning_knowledge", "status": "completed"}

data: {"type": "content", "content": "让我"}

data: {"type": "content", "content": "获取"}

data: {"type": "content", "content": "更多"}

data: {"type": "content", "content": "关于"}

data: {"type": "content", "content": "农业"}

data: {"type": "content", "content": "资源的"}

data: {"type": "content", "content": "详细信息"}

data: {"type": "content", "content": "："}

data: {"type": "tool", "tool_name": "search_rural_planning_knowledge", "status": "started"}

data: {"type": "tool", "tool_name": "search_rural_planning_knowledge", "status": "completed"}

data: {"type": "content", "content": "让我"}

data: {"type": "content", "content": "获取"}

data: {"type": "content", "content": "完整的"}

data: {"type": "content", "content": "农业"}

data: {"type": "content", "content": "发展规划"}

data: {"type": "content", "content": "文档"}

data: {"type": "content", "content": "："}

data: {"type": "tool", "tool_name": "get_full_document", "status": "started"}

data: {"type": "tool", "tool_name": "get_full_document", "status": "completed"}

data: {"type": "content", "content": "让我"}

data: {"type": "content", "content": "搜索"}

data: {"type": "content", "content": "更多"}

data: {"type": "content", "content": "具体的"}

data: {"type": "content", "content": "农业"}

data: {"type": "content", "content": "资源"}

data: {"type": "content", "content": "信息"}

data: {"type": "content", "content": "："}

data: {"type": "tool", "tool_name": "search_rural_planning_knowledge", "status": "started"}

data: {"type": "tool", "tool_name": "search_rural_planning_knowledge", "status": "completed"}

data: {"type": "content", "content": "让我"}

data: {"type": "content", "content": "查看"}

data: {"type": "content", "content": "罗"}

data: {"type": "content", "content": "浮"}

data: {"type": "content", "content": "-"}

data: {"type": "content", "content": "长"}

data: {"type": "content", "content": "宁"}

data: {"type": "content", "content": "山镇"}

data: {"type": "content", "content": "融合"}

data: {"type": "content", "content": "发展战略"}

data: {"type": "content", "content": "文档"}

data: {"type": "content", "content": "中"}

data: {"type": "content", "content": "关于"}

data: {"type": "content", "content": "现代农业"}

data: {"type": "content", "content": "产业"}

data: {"type": "content", "content": "的内容"}

data: {"type": "content", "content": "："}

data: {"type": "tool", "tool_name": "get_chapter_by_header", "status": "started"}

data: {"type": "error", "error": "src.rag.core.tools.get_chapter_by_header() argument after ** must be a mapping, not str"}

